==97430== Memcheck, a memory error detector
==97430== Copyright (C) 2002-2017, and GNU GPL'd, by Julian Seward et al.
==97430== Using Valgrind-3.15.0 and LibVEX; rerun with -h for copyright info
==97430== Command: ./minishell
==97430== Parent PID: 97429
==97430== 
==97430== 
==97430== FILE DESCRIPTORS: 1 open at exit.
==97430== Open file descriptor 3: /home/sheila/Desktop/mshell_v2/output.log
==97430==    <inherited from parent>
==97430== 
==97430== 
==97430== HEAP SUMMARY:
==97430==     in use at exit: 204,683 bytes in 222 blocks
==97430==   total heap usage: 1,202 allocs, 980 frees, 278,106 bytes allocated
==97430== 
==97430== LEAK SUMMARY:
==97430==    definitely lost: 0 bytes in 0 blocks
==97430==    indirectly lost: 0 bytes in 0 blocks
==97430==      possibly lost: 0 bytes in 0 blocks
==97430==    still reachable: 0 bytes in 0 blocks
==97430==         suppressed: 204,683 bytes in 222 blocks
==97430== 
==97430== ERROR SUMMARY: 0 errors from 0 contexts (suppressed: 0 from 0)
--97430-- 
--97430-- used_suppression:     58 readline_memory_leak_suppression readline.supp:2 suppressed: 200,578 bytes in 215 blocks
--97430-- used_suppression:      4 readline_memory_leak_suppression readline.supp:8 suppressed: 4,105 bytes in 7 blocks
==97430== 
==97430== ERROR SUMMARY: 0 errors from 0 contexts (suppressed: 0 from 0)
